<?xml version="1.0" encoding="UTF-8"?>
<testsuite xmlns:xsi="http://www.w3.org/2001/XMLSchema-instance" xsi:noNamespaceSchemaLocation="https://maven.apache.org/surefire/maven-surefire-plugin/xsd/surefire-test-report-3.0.xsd" version="3.0" name="com.hsuweizte.SpringBootApiApplicationTests" time="7.339" tests="1" errors="0" skipped="0" failures="0">
  <properties>
[...]
</properties>
  <testcase name="contextLoads" classname="com.hsuweizte.SpringBootApiApplicationTests" time="0.733">
    <system-out><![CDATA[18:08:22.137 [main] INFO org.springframework.test.context.support.AnnotationConfigContextLoaderUtils -- Could not detect default configuration classes for test class [com.hsuweizte.SpringBootApiApplicationTests]: SpringBootApiApplicationTests does not declare any static, non-private, non-final, nested classes annotated with @Configuration.
18:08:22.276 [main] INFO org.springframework.boot.test.context.SpringBootTestContextBootstrapper -- Found @SpringBootConfiguration com.hsuweizte.SpringBootApiApplication for test class com.hsuweizte.SpringBootApiApplicationTests
18:08:21,972 |-INFO in ch.qos.logback.classic.LoggerContext[default] - This is logback-classic version 1.4.7
18:08:21,996 |-INFO in ch.qos.logback.classic.LoggerContext[default] - Could NOT find resource [logback-test.xml]
18:08:21,996 |-INFO in ch.qos.logback.classic.LoggerContext[default] - Could NOT find resource [logback.xml]
18:08:21,997 |-INFO in ch.qos.logback.classic.BasicConfigurator@1517f633 - Setting up default configuration.
18:08:22,836 |-INFO in ch.qos.logback.core.joran.util.ConfigurationWatchListUtil@4fe01803 - Adding [jar:file:/C:/Users/hsuwe/.m2/repository/org/springframework/boot/spring-boot/3.1.0/spring-boot-3.1.0.jar!/org/springframework/boot/logging/logback/defaults.xml] to configuration watch list.
18:08:22,836 |-INFO in ch.qos.logback.core.joran.spi.ConfigurationWatchList@13d186db - URL [jar:file:/C:/Users/hsuwe/.m2/repository/org/springframework/boot/spring-boot/3.1.0/spring-boot-3.1.0.jar!/org/springframework/boot/logging/logback/defaults.xml] is not of type file
18:08:22,839 |-INFO in ch.qos.logback.core.joran.action.ConversionRuleAction - registering conversion word clr with class [org.springframework.boot.logging.logback.ColorConverter]
18:08:22,839 |-INFO in ch.qos.logback.core.joran.action.ConversionRuleAction - registering conversion word wex with class [org.springframework.boot.logging.logback.WhitespaceThrowableProxyConverter]
18:08:22,839 |-INFO in ch.qos.logback.core.joran.action.ConversionRuleAction - registering conversion word wEx with class [org.springframework.boot.logging.logback.ExtendedWhitespaceThrowableProxyConverter]
18:08:22,841 |-INFO in ch.qos.logback.core.joran.util.ConfigurationWatchListUtil@4fe01803 - Adding [jar:file:/C:/Users/hsuwe/.m2/repository/org/springframework/boot/spring-boot/3.1.0/spring-boot-3.1.0.jar!/org/springframework/boot/logging/logback/console-appender.xml] to configuration watch list.
18:08:22,841 |-INFO in ch.qos.logback.core.joran.spi.ConfigurationWatchList@13d186db - URL [jar:file:/C:/Users/hsuwe/.m2/repository/org/springframework/boot/spring-boot/3.1.0/spring-boot-3.1.0.jar!/org/springframework/boot/logging/logback/console-appender.xml] is not of type file
18:08:22,880 |-INFO in ch.qos.logback.classic.model.processor.LoggerModelHandler - Setting level of logger [org.apache.catalina.startup.DigesterFactory] to ERROR
18:08:22,880 |-INFO in ch.qos.logback.classic.jul.LevelChangePropagator@6f6962ba - Propagating ERROR level on Logger[org.apache.catalina.startup.DigesterFactory] onto the JUL framework
18:08:22,880 |-INFO in ch.qos.logback.classic.model.processor.LoggerModelHandler - Setting level of logger [org.apache.catalina.util.LifecycleBase] to ERROR
18:08:22,880 |-INFO in ch.qos.logback.classic.jul.LevelChangePropagator@6f6962ba - Propagating ERROR level on Logger[org.apache.catalina.util.LifecycleBase] onto the JUL framework
18:08:22,881 |-INFO in ch.qos.logback.classic.model.processor.LoggerModelHandler - Setting level of logger [org.apache.coyote.http11.Http11NioProtocol] to WARN
18:08:22,881 |-INFO in ch.qos.logback.classic.jul.LevelChangePropagator@6f6962ba - Propagating WARN level on Logger[org.apache.coyote.http11.Http11NioProtocol] onto the JUL framework
18:08:22,881 |-INFO in ch.qos.logback.classic.model.processor.LoggerModelHandler - Setting level of logger [org.apache.sshd.common.util.SecurityUtils] to WARN
18:08:22,881 |-INFO in ch.qos.logback.classic.jul.LevelChangePropagator@6f6962ba - Propagating WARN level on Logger[org.apache.sshd.common.util.SecurityUtils] onto the JUL framework
18:08:22,881 |-INFO in ch.qos.logback.classic.model.processor.LoggerModelHandler - Setting level of logger [org.apache.tomcat.util.net.NioSelectorPool] to WARN
18:08:22,881 |-INFO in ch.qos.logback.classic.jul.LevelChangePropagator@6f6962ba - Propagating WARN level on Logger[org.apache.tomcat.util.net.NioSelectorPool] onto the JUL framework
18:08:22,881 |-INFO in ch.qos.logback.classic.model.processor.LoggerModelHandler - Setting level of logger [org.eclipse.jetty.util.component.AbstractLifeCycle] to ERROR
18:08:22,881 |-INFO in ch.qos.logback.classic.jul.LevelChangePropagator@6f6962ba - Propagating ERROR level on Logger[org.eclipse.jetty.util.component.AbstractLifeCycle] onto the JUL framework
18:08:22,881 |-INFO in ch.qos.logback.classic.model.processor.LoggerModelHandler - Setting level of logger [org.hibernate.validator.internal.util.Version] to WARN
18:08:22,881 |-INFO in ch.qos.logback.classic.jul.LevelChangePropagator@6f6962ba - Propagating WARN level on Logger[org.hibernate.validator.internal.util.Version] onto the JUL framework
18:08:22,881 |-INFO in ch.qos.logback.classic.model.processor.LoggerModelHandler - Setting level of logger [org.springframework.boot.actuate.endpoint.jmx] to WARN
18:08:22,881 |-INFO in ch.qos.logback.classic.jul.LevelChangePropagator@6f6962ba - Propagating WARN level on Logger[org.springframework.boot.actuate.endpoint.jmx] onto the JUL framework
18:08:22,881 |-INFO in ch.qos.logback.core.model.processor.AppenderModelHandler - Processing appender named [CONSOLE]
18:08:22,881 |-INFO in ch.qos.logback.core.model.processor.AppenderModelHandler - About to instantiate appender of type [ch.qos.logback.core.ConsoleAppender]
18:08:22,889 |-INFO in ch.qos.logback.core.model.processor.ImplicitModelHandler - Assuming default type [ch.qos.logback.classic.encoder.PatternLayoutEncoder] for [encoder] property
18:08:22,908 |-INFO in ch.qos.logback.core.model.processor.AppenderModelHandler - Processing appender named [TIME_FILE]
18:08:22,908 |-INFO in ch.qos.logback.core.model.processor.AppenderModelHandler - About to instantiate appender of type [ch.qos.logback.core.rolling.RollingFileAppender]
18:08:22,912 |-INFO in ch.qos.logback.core.model.processor.ImplicitModelHandler - Assuming default type [ch.qos.logback.classic.encoder.PatternLayoutEncoder] for [encoder] property
18:08:22,922 |-INFO in c.q.l.core.rolling.TimeBasedRollingPolicy@1164289802 - No compression will be used
18:08:22,923 |-INFO in c.q.l.core.rolling.TimeBasedRollingPolicy@1164289802 - Will use the pattern devlog/my.log.%d{yyyy-MM-dd}.%i for the active file
18:08:22,932 |-INFO in ch.qos.logback.core.rolling.SizeAndTimeBasedFNATP@a0a9fa5 - The date pattern is 'yyyy-MM-dd' from file name pattern 'devlog/my.log.%d{yyyy-MM-dd}.%i'.
18:08:22,932 |-INFO in ch.qos.logback.core.rolling.SizeAndTimeBasedFNATP@a0a9fa5 - Roll-over at midnight.
18:08:22,933 |-INFO in ch.qos.logback.core.rolling.SizeAndTimeBasedFNATP@a0a9fa5 - Setting initial period to 2023-07-03T09:42:06.520Z
18:08:22,933 |-WARN in ch.qos.logback.core.rolling.SizeAndTimeBasedFNATP@a0a9fa5 - SizeAndTimeBasedFNATP is deprecated. Use SizeAndTimeBasedRollingPolicy instead
18:08:22,933 |-WARN in ch.qos.logback.core.rolling.SizeAndTimeBasedFNATP@a0a9fa5 - For more information see http://logback.qos.ch/manual/appenders.html#SizeAndTimeBasedRollingPolicy
18:08:22,940 |-INFO in ch.qos.logback.core.rolling.RollingFileAppender[TIME_FILE] - Active log file name: devlog/my.log
18:08:22,940 |-INFO in ch.qos.logback.core.rolling.RollingFileAppender[TIME_FILE] - File property is set to [devlog/my.log]
18:08:22,941 |-INFO in ch.qos.logback.classic.model.processor.RootLoggerModelHandler - Setting level of ROOT logger to INFO
18:08:22,941 |-INFO in ch.qos.logback.classic.jul.LevelChangePropagator@6f6962ba - Propagating INFO level on Logger[ROOT] onto the JUL framework
18:08:22,943 |-INFO in ch.qos.logback.core.model.processor.AppenderRefModelHandler - Attaching appender named [CONSOLE] to Logger[ROOT]
18:08:22,943 |-INFO in ch.qos.logback.core.model.processor.AppenderRefModelHandler - Attaching appender named [TIME_FILE] to Logger[ROOT]
18:08:22,943 |-INFO in ch.qos.logback.core.model.processor.DefaultProcessor@15723761 - End of configuration.
18:08:22,943 |-INFO in org.springframework.boot.logging.logback.SpringBootJoranConfigurator@312afbc7 - Registering current configuration as safe fallback point


  .   ____          _            __ _ _
 /\\ / ___'_ __ _ _(_)_ __  __ _ \ \ \ \
( ( )\___ | '_ | '_| | '_ \/ _` | \ \ \ \
 \\/  ___)| |_)| | | | | || (_| |  ) ) ) )
  '  |____| .__|_| |_|_| |_\__, | / / / /
 =========|_|==============|___/=/_/_/_/
 :: Spring Boot ::                (v3.1.0)

2023-07-03T18:08:23.052+08:00  INFO 16800 --- [           main] c.h.SpringBootApiApplicationTests        : Starting SpringBootApiApplicationTests using Java 17.0.7 with PID 16800 (started by hsuwe in D:\java-source-code\spring-boot-api)
2023-07-03T18:08:23.054+08:00  INFO 16800 --- [           main] c.h.SpringBootApiApplicationTests        : The following 1 profile is active: "dev"
2023-07-03T18:08:24.093+08:00  INFO 16800 --- [           main] .s.d.r.c.RepositoryConfigurationDelegate : Bootstrapping Spring Data JPA repositories in DEFAULT mode.
2023-07-03T18:08:24.160+08:00  INFO 16800 --- [           main] .s.d.r.c.RepositoryConfigurationDelegate : Finished Spring Data repository scanning in 58 ms. Found 1 JPA repository interfaces.
2023-07-03T18:08:24.904+08:00  INFO 16800 --- [           main] o.hibernate.jpa.internal.util.LogHelper  : HHH000204: Processing PersistenceUnitInfo [name: default]
2023-07-03T18:08:24.979+08:00  INFO 16800 --- [           main] org.hibernate.Version                    : HHH000412: Hibernate ORM core version 6.2.2.Final
2023-07-03T18:08:24.982+08:00  INFO 16800 --- [           main] org.hibernate.cfg.Environment            : HHH000406: Using bytecode reflection optimizer
2023-07-03T18:08:25.243+08:00  INFO 16800 --- [           main] o.h.b.i.BytecodeProviderInitiator        : HHH000021: Bytecode provider name : bytebuddy
2023-07-03T18:08:25.418+08:00  INFO 16800 --- [           main] o.s.o.j.p.SpringPersistenceUnitInfo      : No LoadTimeWeaver setup: ignoring JPA class transformer
2023-07-03T18:08:25.442+08:00  INFO 16800 --- [           main] com.zaxxer.hikari.HikariDataSource       : HikariPool-1 - Starting...
2023-07-03T18:08:25.845+08:00  INFO 16800 --- [           main] com.zaxxer.hikari.pool.HikariPool        : HikariPool-1 - Added connection com.mysql.cj.jdbc.ConnectionImpl@bc8d68b
2023-07-03T18:08:25.848+08:00  INFO 16800 --- [           main] com.zaxxer.hikari.HikariDataSource       : HikariPool-1 - Start completed.
2023-07-03T18:08:25.921+08:00  INFO 16800 --- [           main] org.hibernate.orm.dialect                : HHH035001: Using dialect: org.hibernate.dialect.MySQLDialect, version: 8.0.33
2023-07-03T18:08:26.275+08:00  INFO 16800 --- [           main] o.h.b.i.BytecodeProviderInitiator        : HHH000021: Bytecode provider name : bytebuddy
2023-07-03T18:08:27.049+08:00  INFO 16800 --- [           main] o.h.e.t.j.p.i.JtaPlatformInitiator       : HHH000490: Using JtaPlatform implementation: [org.hibernate.engine.transaction.jta.platform.internal.NoJtaPlatform]
2023-07-03T18:08:27.104+08:00  INFO 16800 --- [           main] j.LocalContainerEntityManagerFactoryBean : Initialized JPA EntityManagerFactory for persistence unit 'default'
2023-07-03T18:08:27.855+08:00  WARN 16800 --- [           main] JpaBaseConfiguration$JpaWebConfiguration : spring.jpa.open-in-view is enabled by default. Therefore, database queries may be performed during view rendering. Explicitly configure spring.jpa.open-in-view to disable this warning
2023-07-03T18:08:28.518+08:00  INFO 16800 --- [           main] c.h.SpringBootApiApplicationTests        : Started SpringBootApiApplicationTests in 6.031 seconds (process running for 7.433)
]]></system-out>
  </testcase>
</testsuite>